<?xml version="1.0" encoding="UTF-8"?>
<testng-results total="1" passed="1" failed="0" skipped="0">
  <reporter-output>
    <line>
      <![CDATA[transfer sucessfully done]]>
    </line>
  </reporter-output>
  <suite started-at="2021-06-10T21:34:48Z" name="Default suite" finished-at="2021-06-10T21:34:48Z" duration-ms="15">
    <groups>
    </groups>
    <test started-at="2021-06-10T21:34:48Z" name="Default test" finished-at="2021-06-10T21:34:48Z" duration-ms="15">
      <class name="project1.Bhanu">
        <test-method signature="login()" started-at="2021-06-10T21:34:48Z" name="login" description="login not working ok " finished-at="2021-06-10T21:34:48Z" duration-ms="8" status="PASS">
        </test-method>
      </class>
    </test>
  </suite>
</testng-results>
